\\warehouse2.seasad.wustl.edu\home\nicholasmurray\my documents\visual studio 2015\projects\332_lab\332_lab\debug\lab4_final.pch
\\warehouse2.seasad.wustl.edu\home\nicholasmurray\my documents\visual studio 2015\projects\332_lab\332_lab\debug\vc140.pdb
\\warehouse2.seasad.wustl.edu\home\nicholasmurray\my documents\visual studio 2015\projects\332_lab\332_lab\debug\vc140.idb
\\warehouse2.seasad.wustl.edu\home\nicholasmurray\my documents\visual studio 2015\projects\332_lab\332_lab\debug\stdafx.obj
\\warehouse2.seasad.wustl.edu\home\nicholasmurray\my documents\visual studio 2015\projects\332_lab\332_lab\debug\functions.obj
\\warehouse2.seasad.wustl.edu\home\nicholasmurray\my documents\visual studio 2015\projects\332_lab\332_lab\debug\gamebase.obj
\\warehouse2.seasad.wustl.edu\home\nicholasmurray\my documents\visual studio 2015\projects\332_lab\332_lab\debug\gamepiece.obj
\\warehouse2.seasad.wustl.edu\home\nicholasmurray\my documents\visual studio 2015\projects\332_lab\332_lab\debug\game_board.obj
\\warehouse2.seasad.wustl.edu\home\nicholasmurray\my documents\visual studio 2015\projects\332_lab\332_lab\debug\lab4_final.obj
\\warehouse2.seasad.wustl.edu\home\nicholasmurray\my documents\visual studio 2015\projects\332_lab\332_lab\debug\magicsquare.obj
\\warehouse2.seasad.wustl.edu\home\nicholasmurray\my documents\visual studio 2015\projects\332_lab\332_lab\debug\ninealmonds.obj
\\warehouse2.seasad.wustl.edu\home\nicholasmurray\my documents\visual studio 2015\projects\332_lab\332_lab\debug\reversi.obj
\\warehouse2.seasad.wustl.edu\home\nicholasmurray\my documents\visual studio 2015\projects\332_lab\332_lab\332_lab\debug\lab4_final.pch
\\warehouse2.seasad.wustl.edu\home\nicholasmurray\my documents\visual studio 2015\projects\332_lab\332_lab\332_lab\debug\vc140.pdb
\\warehouse2.seasad.wustl.edu\home\nicholasmurray\my documents\visual studio 2015\projects\332_lab\332_lab\332_lab\debug\vc140.idb
\\warehouse2.seasad.wustl.edu\home\nicholasmurray\my documents\visual studio 2015\projects\332_lab\332_lab\332_lab\debug\stdafx.obj
\\warehouse2.seasad.wustl.edu\home\nicholasmurray\my documents\visual studio 2015\projects\332_lab\332_lab\332_lab\debug\functions.obj
\\warehouse2.seasad.wustl.edu\home\nicholasmurray\my documents\visual studio 2015\projects\332_lab\332_lab\332_lab\debug\gamebase.obj
\\warehouse2.seasad.wustl.edu\home\nicholasmurray\my documents\visual studio 2015\projects\332_lab\332_lab\332_lab\debug\gamepiece.obj
\\warehouse2.seasad.wustl.edu\home\nicholasmurray\my documents\visual studio 2015\projects\332_lab\332_lab\332_lab\debug\game_board.obj
\\warehouse2.seasad.wustl.edu\home\nicholasmurray\my documents\visual studio 2015\projects\332_lab\332_lab\332_lab\debug\lab4_final.obj
\\warehouse2.seasad.wustl.edu\home\nicholasmurray\my documents\visual studio 2015\projects\332_lab\332_lab\332_lab\debug\magicsquare.obj
\\warehouse2.seasad.wustl.edu\home\nicholasmurray\my documents\visual studio 2015\projects\332_lab\332_lab\332_lab\debug\reversi.obj
\\warehouse2.seasad.wustl.edu\home\nicholasmurray\my documents\visual studio 2015\projects\332_lab\332_lab\332_lab\debug\ninealmonds.obj
\\warehouse2.seasad.wustl.edu\home\johnegarza\my documents\visual studio 2015\projects\lab4_final\lab4_final\debug\lab4_final.pch
\\warehouse2.seasad.wustl.edu\home\johnegarza\my documents\visual studio 2015\projects\lab4_final\lab4_final\debug\vc140.pdb
\\warehouse2.seasad.wustl.edu\home\johnegarza\my documents\visual studio 2015\projects\lab4_final\lab4_final\debug\vc140.idb
\\warehouse2.seasad.wustl.edu\home\johnegarza\my documents\visual studio 2015\projects\lab4_final\lab4_final\debug\stdafx.obj
\\warehouse2.seasad.wustl.edu\home\johnegarza\my documents\visual studio 2015\projects\lab4_final\lab4_final\debug\functions.obj
\\warehouse2.seasad.wustl.edu\home\johnegarza\my documents\visual studio 2015\projects\lab4_final\lab4_final\debug\gamebase.obj
\\warehouse2.seasad.wustl.edu\home\johnegarza\my documents\visual studio 2015\projects\lab4_final\lab4_final\debug\gamepiece.obj
\\warehouse2.seasad.wustl.edu\home\johnegarza\my documents\visual studio 2015\projects\lab4_final\lab4_final\debug\game_board.obj
\\warehouse2.seasad.wustl.edu\home\johnegarza\my documents\visual studio 2015\projects\lab4_final\lab4_final\debug\lab4_final.obj
\\warehouse2.seasad.wustl.edu\home\johnegarza\my documents\visual studio 2015\projects\lab4_final\lab4_final\debug\magicsquare.obj
\\warehouse2.seasad.wustl.edu\home\johnegarza\my documents\visual studio 2015\projects\lab4_final\lab4_final\debug\ninealmonds.obj
\\warehouse2.seasad.wustl.edu\home\johnegarza\my documents\visual studio 2015\projects\lab4_final\lab4_final\debug\reversi.obj
\\warehouse2.seasad.wustl.edu\home\nicholasmurray\my documents\visual studio 2015\projects\332_lab\332_lab\debug\lab4_final.ilk
\\warehouse2.seasad.wustl.edu\home\nicholasmurray\my documents\visual studio 2015\projects\332_lab\332_lab\debug\lab4_final.exe
\\warehouse2.seasad.wustl.edu\home\nicholasmurray\my documents\visual studio 2015\projects\332_lab\332_lab\debug\lab4_final.pdb
\\warehouse2.seasad.wustl.edu\home\nicholasmurray\my documents\visual studio 2015\projects\332_lab\332_lab\332_lab\debug\lab4_final.ilk
\\warehouse2.seasad.wustl.edu\home\nicholasmurray\my documents\visual studio 2015\projects\332_lab\332_lab\332_lab\debug\lab4_final.exe
\\warehouse2.seasad.wustl.edu\home\nicholasmurray\my documents\visual studio 2015\projects\332_lab\332_lab\332_lab\debug\lab4_final.pdb
\\warehouse2.seasad.wustl.edu\home\johnegarza\my documents\visual studio 2015\projects\lab4_final\lab4_final\debug\lab4_final.ilk
\\warehouse2.seasad.wustl.edu\home\johnegarza\my documents\visual studio 2015\projects\lab4_final\lab4_final\debug\lab4_final.pdb
\\warehouse2.seasad.wustl.edu\home\johnegarza\my documents\visual studio 2015\projects\lab4_final\debug\lab4_final.pdb
\\warehouse2.seasad.wustl.edu\home\johnegarza\my documents\visual studio 2015\projects\lab4_final\lab4_final\debug\lab4_final.tlog\cl.command.1.tlog
\\warehouse2.seasad.wustl.edu\home\johnegarza\my documents\visual studio 2015\projects\lab4_final\lab4_final\debug\lab4_final.tlog\cl.read.1.tlog
\\warehouse2.seasad.wustl.edu\home\johnegarza\my documents\visual studio 2015\projects\lab4_final\lab4_final\debug\lab4_final.tlog\cl.write.1.tlog
\\warehouse2.seasad.wustl.edu\home\johnegarza\my documents\visual studio 2015\projects\lab4_final\lab4_final\debug\lab4_final.tlog\link.command.1.tlog
\\warehouse2.seasad.wustl.edu\home\johnegarza\my documents\visual studio 2015\projects\lab4_final\lab4_final\debug\lab4_final.tlog\link.read.1.tlog
\\warehouse2.seasad.wustl.edu\home\johnegarza\my documents\visual studio 2015\projects\lab4_final\lab4_final\debug\lab4_final.tlog\link.write.1.tlog
